<?xml version="1.0" encoding="UTF-8"?>
<testng-results ignored="1" total="9" passed="8" failed="0" skipped="0">
  <reporter-output>
  </reporter-output>
  <suite started-at="2026-01-11T22:05:06 EET" name="Default suite" finished-at="2026-01-11T22:05:37 EET" duration-ms="30888">
    <groups>
    </groups>
    <test started-at="2026-01-11T22:05:06 EET" name="Default test" finished-at="2026-01-11T22:05:37 EET" duration-ms="30888">
      <class name="MyTestCases">
        <test-method is-config="true" signature="SetUp()[pri:0, instance:MyTestCases@158a3b2e]" started-at="2026-01-11T22:05:06 EET" name="SetUp" finished-at="2026-01-11T22:05:07 EET" duration-ms="1595" status="PASS">
          <reporter-output>
          </reporter-output>
        </test-method> <!-- SetUp -->
        <test-method signature="login()[pri:1, instance:MyTestCases@158a3b2e]" started-at="2026-01-11T22:05:07 EET" name="login" finished-at="2026-01-11T22:05:08 EET" duration-ms="792" status="PASS">
          <reporter-output>
          </reporter-output>
        </test-method> <!-- login -->
        <test-method signature="AddItemToTheCart()[pri:2, instance:MyTestCases@158a3b2e]" started-at="2026-01-11T22:05:08 EET" name="AddItemToTheCart" finished-at="2026-01-11T22:05:08 EET" duration-ms="181" status="PASS">
          <reporter-output>
          </reporter-output>
        </test-method> <!-- AddItemToTheCart -->
        <test-method signature="openCart()[pri:3, instance:MyTestCases@158a3b2e]" started-at="2026-01-11T22:05:08 EET" name="openCart" finished-at="2026-01-11T22:05:09 EET" duration-ms="133" status="PASS">
          <reporter-output>
          </reporter-output>
        </test-method> <!-- openCart -->
        <test-method signature="checkOut()[pri:4, instance:MyTestCases@158a3b2e]" started-at="2026-01-11T22:05:09 EET" name="checkOut" finished-at="2026-01-11T22:05:15 EET" duration-ms="6519" status="PASS">
          <reporter-output>
          </reporter-output>
        </test-method> <!-- checkOut -->
        <test-method signature="openMenuButton()[pri:6, instance:MyTestCases@158a3b2e]" started-at="2026-01-11T22:05:15 EET" name="openMenuButton" finished-at="2026-01-11T22:05:18 EET" duration-ms="3059" status="PASS">
          <reporter-output>
          </reporter-output>
        </test-method> <!-- openMenuButton -->
        <test-method signature="openAboutLink()[pri:7, instance:MyTestCases@158a3b2e]" started-at="2026-01-11T22:05:18 EET" name="openAboutLink" finished-at="2026-01-11T22:05:22 EET" duration-ms="3351" status="PASS">
          <reporter-output>
          </reporter-output>
        </test-method> <!-- openAboutLink -->
        <test-method signature="resetApp()[pri:8, instance:MyTestCases@158a3b2e]" started-at="2026-01-11T22:05:22 EET" name="resetApp" finished-at="2026-01-11T22:05:36 EET" duration-ms="14691" status="PASS">
          <reporter-output>
          </reporter-output>
        </test-method> <!-- resetApp -->
        <test-method signature="loggOutButton()[pri:9, instance:MyTestCases@158a3b2e]" started-at="2026-01-11T22:05:36 EET" name="loggOutButton" finished-at="2026-01-11T22:05:37 EET" duration-ms="427" status="PASS">
          <reporter-output>
          </reporter-output>
        </test-method> <!-- loggOutButton -->
        <test-method is-config="true" signature="AfterMyTest()[pri:0, instance:MyTestCases@158a3b2e]" started-at="2026-01-11T22:05:37 EET" name="AfterMyTest" finished-at="2026-01-11T22:05:37 EET" duration-ms="5" status="PASS">
          <reporter-output>
          </reporter-output>
        </test-method> <!-- AfterMyTest -->
      </class> <!-- MyTestCases -->
    </test> <!-- Default test -->
  </suite> <!-- Default suite -->
</testng-results>
