<?xml version="1.0" encoding="UTF-8"?>
<!-- Generated by org.testng.reporters.JUnitReportReporter -->
<testsuite hostname="Baraas-MacBook-Air.local" failures="0" tests="9" name="MyTestCases" time="29.153" errors="0" timestamp="2026-01-11T22:05:42 EET" skipped="1">
  <testcase classname="MyTestCases" name="login" time="0.792"/>
  <testcase classname="MyTestCases" name="AddItemToTheCart" time="0.181"/>
  <testcase classname="MyTestCases" name="openCart" time="0.133"/>
  <testcase classname="MyTestCases" name="checkOut" time="6.519"/>
  <testcase classname="MyTestCases" name="openMenuButton" time="3.059"/>
  <testcase classname="MyTestCases" name="openAboutLink" time="3.351"/>
  <testcase classname="MyTestCases" name="resetApp" time="14.691"/>
  <testcase classname="MyTestCases" name="loggOutButton" time="0.427"/>
  <testcase classname="MyTestCases" name="wihtoutItems">
    <skipped/>
  </testcase> <!-- wihtoutItems -->
</testsuite> <!-- MyTestCases -->
